Determining if the pthread_create exist failed with the following output:
Change Dir: /home/aldwinakbar/Dropbox/Projects/campus/personal/internship_ws/build/CMakeFiles/CMakeTmp

Run Build Command:/usr/bin/make "cmTryCompileExec2065611790/fast"
/usr/bin/make -f CMakeFiles/cmTryCompileExec2065611790.dir/build.make CMakeFiles/cmTryCompileExec2065611790.dir/build
make[1]: Entering directory `/home/aldwinakbar/Dropbox/Projects/campus/personal/internship_ws/build/CMakeFiles/CMakeTmp'
/usr/bin/cmake -E cmake_progress_report /home/aldwinakbar/Dropbox/Projects/campus/personal/internship_ws/build/CMakeFiles/CMakeTmp/CMakeFiles 1
Building C object CMakeFiles/cmTryCompileExec2065611790.dir/CheckSymbolExists.c.o
/usr/bin/cc    -o CMakeFiles/cmTryCompileExec2065611790.dir/CheckSymbolExists.c.o   -c /home/aldwinakbar/Dropbox/Projects/campus/personal/internship_ws/build/CMakeFiles/CMakeTmp/CheckSymbolExists.c
Linking C executable cmTryCompileExec2065611790
/usr/bin/cmake -E cmake_link_script CMakeFiles/cmTryCompileExec2065611790.dir/link.txt --verbose=1
/usr/bin/cc       CMakeFiles/cmTryCompileExec2065611790.dir/CheckSymbolExists.c.o  -o cmTryCompileExec2065611790 -rdynamic 
CMakeFiles/cmTryCompileExec2065611790.dir/CheckSymbolExists.c.o: In function `main':
CheckSymbolExists.c:(.text+0x16): undefined reference to `pthread_create'
collect2: error: ld returned 1 exit status
make[1]: *** [cmTryCompileExec2065611790] Error 1
make[1]: Leaving directory `/home/aldwinakbar/Dropbox/Projects/campus/personal/internship_ws/build/CMakeFiles/CMakeTmp'
make: *** [cmTryCompileExec2065611790/fast] Error 2

File /home/aldwinakbar/Dropbox/Projects/campus/personal/internship_ws/build/CMakeFiles/CMakeTmp/CheckSymbolExists.c:
/* */
#include <pthread.h>

int main(int argc, char** argv)
{
  (void)argv;
#ifndef pthread_create
  return ((int*)(&pthread_create))[argc];
#else
  (void)argc;
  return 0;
#endif
}

Determining if the function pthread_create exists in the pthreads failed with the following output:
Change Dir: /home/aldwinakbar/Dropbox/Projects/campus/personal/internship_ws/build/CMakeFiles/CMakeTmp

Run Build Command:/usr/bin/make "cmTryCompileExec1182971776/fast"
/usr/bin/make -f CMakeFiles/cmTryCompileExec1182971776.dir/build.make CMakeFiles/cmTryCompileExec1182971776.dir/build
make[1]: Entering directory `/home/aldwinakbar/Dropbox/Projects/campus/personal/internship_ws/build/CMakeFiles/CMakeTmp'
/usr/bin/cmake -E cmake_progress_report /home/aldwinakbar/Dropbox/Projects/campus/personal/internship_ws/build/CMakeFiles/CMakeTmp/CMakeFiles 1
Building C object CMakeFiles/cmTryCompileExec1182971776.dir/CheckFunctionExists.c.o
/usr/bin/cc   -DCHECK_FUNCTION_EXISTS=pthread_create   -o CMakeFiles/cmTryCompileExec1182971776.dir/CheckFunctionExists.c.o   -c /usr/share/cmake-2.8/Modules/CheckFunctionExists.c
Linking C executable cmTryCompileExec1182971776
/usr/bin/cmake -E cmake_link_script CMakeFiles/cmTryCompileExec1182971776.dir/link.txt --verbose=1
/usr/bin/cc   -DCHECK_FUNCTION_EXISTS=pthread_create    CMakeFiles/cmTryCompileExec1182971776.dir/CheckFunctionExists.c.o  -o cmTryCompileExec1182971776 -rdynamic -lpthreads 
/usr/bin/ld: cannot find -lpthreads
collect2: error: ld returned 1 exit status
make[1]: *** [cmTryCompileExec1182971776] Error 1
make[1]: Leaving directory `/home/aldwinakbar/Dropbox/Projects/campus/personal/internship_ws/build/CMakeFiles/CMakeTmp'
make: *** [cmTryCompileExec1182971776/fast] Error 2


Determining if the Q_WS_WIN exist failed with the following output:
Change Dir: /home/aldwinakbar/Dropbox/Projects/campus/personal/internship_ws/build/CMakeFiles/CMakeTmp

Run Build Command:/usr/bin/make "cmTryCompileExec1461482183/fast"
/usr/bin/make -f CMakeFiles/cmTryCompileExec1461482183.dir/build.make CMakeFiles/cmTryCompileExec1461482183.dir/build
make[1]: Entering directory `/home/aldwinakbar/Dropbox/Projects/campus/personal/internship_ws/build/CMakeFiles/CMakeTmp'
/usr/bin/cmake -E cmake_progress_report /home/aldwinakbar/Dropbox/Projects/campus/personal/internship_ws/build/CMakeFiles/CMakeTmp/CMakeFiles 1
Building CXX object CMakeFiles/cmTryCompileExec1461482183.dir/CheckSymbolExists.cxx.o
/usr/bin/c++    -I/usr/include/qt4    -o CMakeFiles/cmTryCompileExec1461482183.dir/CheckSymbolExists.cxx.o -c /home/aldwinakbar/Dropbox/Projects/campus/personal/internship_ws/build/CMakeFiles/CMakeTmp/CheckSymbolExists.cxx
/home/aldwinakbar/Dropbox/Projects/campus/personal/internship_ws/build/CMakeFiles/CMakeTmp/CheckSymbolExists.cxx: In function ‘int main(int, char**)’:
/home/aldwinakbar/Dropbox/Projects/campus/personal/internship_ws/build/CMakeFiles/CMakeTmp/CheckSymbolExists.cxx:8:19: error: ‘Q_WS_WIN’ was not declared in this scope
   return ((int*)(&Q_WS_WIN))[argc];
                   ^
make[1]: *** [CMakeFiles/cmTryCompileExec1461482183.dir/CheckSymbolExists.cxx.o] Error 1
make[1]: Leaving directory `/home/aldwinakbar/Dropbox/Projects/campus/personal/internship_ws/build/CMakeFiles/CMakeTmp'
make: *** [cmTryCompileExec1461482183/fast] Error 2

File /home/aldwinakbar/Dropbox/Projects/campus/personal/internship_ws/build/CMakeFiles/CMakeTmp/CheckSymbolExists.cxx:
/* */
#include <QtCore/qglobal.h>

int main(int argc, char** argv)
{
  (void)argv;
#ifndef Q_WS_WIN
  return ((int*)(&Q_WS_WIN))[argc];
#else
  (void)argc;
  return 0;
#endif
}

Determining if the Q_WS_QWS exist failed with the following output:
Change Dir: /home/aldwinakbar/Dropbox/Projects/campus/personal/internship_ws/build/CMakeFiles/CMakeTmp

Run Build Command:/usr/bin/make "cmTryCompileExec4222852463/fast"
/usr/bin/make -f CMakeFiles/cmTryCompileExec4222852463.dir/build.make CMakeFiles/cmTryCompileExec4222852463.dir/build
make[1]: Entering directory `/home/aldwinakbar/Dropbox/Projects/campus/personal/internship_ws/build/CMakeFiles/CMakeTmp'
/usr/bin/cmake -E cmake_progress_report /home/aldwinakbar/Dropbox/Projects/campus/personal/internship_ws/build/CMakeFiles/CMakeTmp/CMakeFiles 1
Building CXX object CMakeFiles/cmTryCompileExec4222852463.dir/CheckSymbolExists.cxx.o
/usr/bin/c++    -I/usr/include/qt4    -o CMakeFiles/cmTryCompileExec4222852463.dir/CheckSymbolExists.cxx.o -c /home/aldwinakbar/Dropbox/Projects/campus/personal/internship_ws/build/CMakeFiles/CMakeTmp/CheckSymbolExists.cxx
/home/aldwinakbar/Dropbox/Projects/campus/personal/internship_ws/build/CMakeFiles/CMakeTmp/CheckSymbolExists.cxx: In function ‘int main(int, char**)’:
/home/aldwinakbar/Dropbox/Projects/campus/personal/internship_ws/build/CMakeFiles/CMakeTmp/CheckSymbolExists.cxx:8:19: error: ‘Q_WS_QWS’ was not declared in this scope
   return ((int*)(&Q_WS_QWS))[argc];
                   ^
make[1]: *** [CMakeFiles/cmTryCompileExec4222852463.dir/CheckSymbolExists.cxx.o] Error 1
make[1]: Leaving directory `/home/aldwinakbar/Dropbox/Projects/campus/personal/internship_ws/build/CMakeFiles/CMakeTmp'
make: *** [cmTryCompileExec4222852463/fast] Error 2

File /home/aldwinakbar/Dropbox/Projects/campus/personal/internship_ws/build/CMakeFiles/CMakeTmp/CheckSymbolExists.cxx:
/* */
#include <QtCore/qglobal.h>

int main(int argc, char** argv)
{
  (void)argv;
#ifndef Q_WS_QWS
  return ((int*)(&Q_WS_QWS))[argc];
#else
  (void)argc;
  return 0;
#endif
}

Determining if the Q_WS_MAC exist failed with the following output:
Change Dir: /home/aldwinakbar/Dropbox/Projects/campus/personal/internship_ws/build/CMakeFiles/CMakeTmp

Run Build Command:/usr/bin/make "cmTryCompileExec3138748272/fast"
/usr/bin/make -f CMakeFiles/cmTryCompileExec3138748272.dir/build.make CMakeFiles/cmTryCompileExec3138748272.dir/build
make[1]: Entering directory `/home/aldwinakbar/Dropbox/Projects/campus/personal/internship_ws/build/CMakeFiles/CMakeTmp'
/usr/bin/cmake -E cmake_progress_report /home/aldwinakbar/Dropbox/Projects/campus/personal/internship_ws/build/CMakeFiles/CMakeTmp/CMakeFiles 1
Building CXX object CMakeFiles/cmTryCompileExec3138748272.dir/CheckSymbolExists.cxx.o
/usr/bin/c++    -I/usr/include/qt4    -o CMakeFiles/cmTryCompileExec3138748272.dir/CheckSymbolExists.cxx.o -c /home/aldwinakbar/Dropbox/Projects/campus/personal/internship_ws/build/CMakeFiles/CMakeTmp/CheckSymbolExists.cxx
/home/aldwinakbar/Dropbox/Projects/campus/personal/internship_ws/build/CMakeFiles/CMakeTmp/CheckSymbolExists.cxx: In function ‘int main(int, char**)’:
/home/aldwinakbar/Dropbox/Projects/campus/personal/internship_ws/build/CMakeFiles/CMakeTmp/CheckSymbolExists.cxx:8:19: error: ‘Q_WS_MAC’ was not declared in this scope
   return ((int*)(&Q_WS_MAC))[argc];
                   ^
make[1]: Leaving directory `/home/aldwinakbar/Dropbox/Projects/campus/personal/internship_ws/build/CMakeFiles/CMakeTmp'
make[1]: *** [CMakeFiles/cmTryCompileExec3138748272.dir/CheckSymbolExists.cxx.o] Error 1
make: *** [cmTryCompileExec3138748272/fast] Error 2

File /home/aldwinakbar/Dropbox/Projects/campus/personal/internship_ws/build/CMakeFiles/CMakeTmp/CheckSymbolExists.cxx:
/* */
#include <QtCore/qglobal.h>

int main(int argc, char** argv)
{
  (void)argv;
#ifndef Q_WS_MAC
  return ((int*)(&Q_WS_MAC))[argc];
#else
  (void)argc;
  return 0;
#endif
}

